[1205/051332.326:ERROR:directory_reader_win.cc(43)] FindFirstFile: The system cannot find the path specified. (0x3)
[1205/061047.856:ERROR:file_io_win.cc(162)] CreateFile C:\Users\AZUREU~1\AppData\Local\Temp\puppeteer_dev_chrome_profile-RrzwQR\Crashpad\settings.dat: The system cannot find the path specified. (0x3)
[1205/061047.857:ERROR:file_io_win.cc(171)] CreateFile C:\Users\AZUREU~1\AppData\Local\Temp\puppeteer_dev_chrome_profile-RrzwQR\Crashpad\reports\730de136-c294-46b1-8621-f5a1085de86d.dmp: The system cannot find the path specified. (0x3)
[1205/061047.858:ERROR:crash_report_exception_handler.cc(99)] PrepareNewCrashReport failed
[1205/062133.132:ERROR:file_io_win.cc(162)] CreateFile C:\Users\AZUREU~1\AppData\Local\Temp\puppeteer_dev_chrome_profile-nL1jYh\Crashpad\settings.dat: The system cannot find the path specified. (0x3)
[1205/062133.134:ERROR:file_io_win.cc(171)] CreateFile C:\Users\AZUREU~1\AppData\Local\Temp\puppeteer_dev_chrome_profile-nL1jYh\Crashpad\reports\6f143947-f693-4068-a28e-c40e199c740c.dmp: The system cannot find the path specified. (0x3)
[1205/062133.134:ERROR:crash_report_exception_handler.cc(99)] PrepareNewCrashReport failed
[1205/062400.446:ERROR:process_reader_win.cc(151)] SuspendThread: Access is denied. (0x5)
[1205/062400.455:ERROR:file_io_win.cc(162)] CreateFile C:\Users\AZUREU~1\AppData\Local\Temp\puppeteer_dev_chrome_profile-xCtu0s\Crashpad\settings.dat: The system cannot find the path specified. (0x3)
[1205/062400.455:ERROR:file_io_win.cc(171)] CreateFile C:\Users\AZUREU~1\AppData\Local\Temp\puppeteer_dev_chrome_profile-xCtu0s\Crashpad\reports\d4bf623d-aff6-43b0-ae71-287e84c99da9.dmp: The system cannot find the path specified. (0x3)
[1205/062400.455:ERROR:crash_report_exception_handler.cc(99)] PrepareNewCrashReport failed
[1205/063405.279:ERROR:directory_reader_win.cc(43)] FindFirstFile: The system cannot find the path specified. (0x3)
[1205/081937.953:ERROR:process_reader_win.cc(151)] SuspendThread: Access is denied. (0x5)
[1205/081937.959:ERROR:file_io_win.cc(162)] CreateFile C:\Users\AZUREU~1\AppData\Local\Temp\puppeteer_dev_chrome_profile-oNgX5I\Crashpad\settings.dat: The system cannot find the path specified. (0x3)
[1205/081937.960:ERROR:file_io_win.cc(171)] CreateFile C:\Users\AZUREU~1\AppData\Local\Temp\puppeteer_dev_chrome_profile-oNgX5I\Crashpad\reports\b08a4687-2418-46b0-9677-053770731df3.dmp: The system cannot find the path specified. (0x3)
[1205/081937.960:ERROR:crash_report_exception_handler.cc(99)] PrepareNewCrashReport failed
[1205/082148.700:ERROR:process_reader_win.cc(151)] SuspendThread: Access is denied. (0x5)
[1205/082148.716:ERROR:file_io_win.cc(162)] CreateFile C:\Users\AZUREU~1\AppData\Local\Temp\puppeteer_dev_chrome_profile-hCvZyd\Crashpad\settings.dat: The system cannot find the path specified. (0x3)
[1205/082148.716:ERROR:file_io_win.cc(171)] CreateFile C:\Users\AZUREU~1\AppData\Local\Temp\puppeteer_dev_chrome_profile-hCvZyd\Crashpad\reports\75f86c56-a5ee-4a30-8c00-3af3a002917e.dmp: The system cannot find the path specified. (0x3)
[1205/082148.716:ERROR:crash_report_exception_handler.cc(99)] PrepareNewCrashReport failed
[1205/082414.647:ERROR:process_reader_win.cc(151)] SuspendThread: Access is denied. (0x5)
[1205/082414.654:ERROR:file_io_win.cc(162)] CreateFile C:\Users\AZUREU~1\AppData\Local\Temp\puppeteer_dev_chrome_profile-2dqV2P\Crashpad\settings.dat: The system cannot find the path specified. (0x3)
[1205/082414.655:ERROR:file_io_win.cc(171)] CreateFile C:\Users\AZUREU~1\AppData\Local\Temp\puppeteer_dev_chrome_profile-2dqV2P\Crashpad\reports\476830c0-cd3d-45e9-8175-b4c9cb3d6bb4.dmp: The system cannot find the path specified. (0x3)
[1205/082414.655:ERROR:crash_report_exception_handler.cc(99)] PrepareNewCrashReport failed
[1205/082545.333:ERROR:process_reader_win.cc(151)] SuspendThread: Access is denied. (0x5)
[1205/082545.342:ERROR:file_io_win.cc(162)] CreateFile C:\Users\AZUREU~1\AppData\Local\Temp\puppeteer_dev_chrome_profile-0mpeou\Crashpad\settings.dat: The system cannot find the path specified. (0x3)
[1205/082545.342:ERROR:file_io_win.cc(171)] CreateFile C:\Users\AZUREU~1\AppData\Local\Temp\puppeteer_dev_chrome_profile-0mpeou\Crashpad\reports\ab3f41d8-b4d3-4fbf-94d2-cf8e2caca185.dmp: The system cannot find the path specified. (0x3)
[1205/082545.343:ERROR:crash_report_exception_handler.cc(99)] PrepareNewCrashReport failed
[1205/082625.707:ERROR:process_reader_win.cc(151)] SuspendThread: Access is denied. (0x5)
[1205/082625.708:ERROR:file_io_win.cc(162)] CreateFile C:\Users\AZUREU~1\AppData\Local\Temp\puppeteer_dev_chrome_profile-XldC6M\Crashpad\settings.dat: The system cannot find the path specified. (0x3)
[1205/082625.716:ERROR:file_io_win.cc(171)] CreateFile C:\Users\AZUREU~1\AppData\Local\Temp\puppeteer_dev_chrome_profile-XldC6M\Crashpad\reports\d1451b27-06af-4579-9513-c048f3857e20.dmp: The system cannot find the path specified. (0x3)
[1205/082625.716:ERROR:crash_report_exception_handler.cc(99)] PrepareNewCrashReport failed
[1205/082934.673:ERROR:process_reader_win.cc(151)] SuspendThread: Access is denied. (0x5)
[1205/082934.683:ERROR:file_io_win.cc(162)] CreateFile C:\Users\AZUREU~1\AppData\Local\Temp\puppeteer_dev_chrome_profile-zl5Lv0\Crashpad\settings.dat: The system cannot find the path specified. (0x3)
[1205/082934.683:ERROR:file_io_win.cc(171)] CreateFile C:\Users\AZUREU~1\AppData\Local\Temp\puppeteer_dev_chrome_profile-zl5Lv0\Crashpad\reports\b73c5e75-d75c-4f10-a24f-cfc198a6b73f.dmp: The system cannot find the path specified. (0x3)
[1205/082934.683:ERROR:crash_report_exception_handler.cc(99)] PrepareNewCrashReport failed
[1205/083439.998:ERROR:process_reader_win.cc(151)] SuspendThread: Access is denied. (0x5)
[1205/083440.005:ERROR:file_io_win.cc(162)] CreateFile C:\Users\AZUREU~1\AppData\Local\Temp\puppeteer_dev_chrome_profile-8bwCU1\Crashpad\settings.dat: The system cannot find the path specified. (0x3)
[1205/083440.006:ERROR:file_io_win.cc(171)] CreateFile C:\Users\AZUREU~1\AppData\Local\Temp\puppeteer_dev_chrome_profile-8bwCU1\Crashpad\reports\da0d9277-3ba1-462e-a449-2083bdec8cb5.dmp: The system cannot find the path specified. (0x3)
[1205/083440.006:ERROR:crash_report_exception_handler.cc(99)] PrepareNewCrashReport failed
[1205/083644.410:ERROR:process_reader_win.cc(151)] SuspendThread: Access is denied. (0x5)
[1205/083644.417:ERROR:file_io_win.cc(162)] CreateFile C:\Users\AZUREU~1\AppData\Local\Temp\puppeteer_dev_chrome_profile-OPn5N3\Crashpad\settings.dat: The system cannot find the path specified. (0x3)
[1205/083644.417:ERROR:file_io_win.cc(171)] CreateFile C:\Users\AZUREU~1\AppData\Local\Temp\puppeteer_dev_chrome_profile-OPn5N3\Crashpad\reports\6053d415-1c8b-490f-ad76-f8e866a03b1b.dmp: The system cannot find the path specified. (0x3)
[1205/083644.417:ERROR:crash_report_exception_handler.cc(99)] PrepareNewCrashReport failed
[1205/083828.757:ERROR:file_io_win.cc(162)] CreateFile C:\Users\AZUREU~1\AppData\Local\Temp\puppeteer_dev_chrome_profile-oeKRR6\Crashpad\settings.dat: The system cannot find the path specified. (0x3)
[1205/083828.765:ERROR:file_io_win.cc(171)] CreateFile C:\Users\AZUREU~1\AppData\Local\Temp\puppeteer_dev_chrome_profile-oeKRR6\Crashpad\reports\9ec17bae-d926-44ef-865d-03b8257d6041.dmp: The system cannot find the path specified. (0x3)
[1205/083828.765:ERROR:crash_report_exception_handler.cc(99)] PrepareNewCrashReport failed
[1205/084046.084:ERROR:process_reader_win.cc(151)] SuspendThread: Access is denied. (0x5)
[1205/084046.093:ERROR:file_io_win.cc(162)] CreateFile C:\Users\AZUREU~1\AppData\Local\Temp\puppeteer_dev_chrome_profile-p2gcW0\Crashpad\settings.dat: The system cannot find the path specified. (0x3)
[1205/084046.094:ERROR:file_io_win.cc(171)] CreateFile C:\Users\AZUREU~1\AppData\Local\Temp\puppeteer_dev_chrome_profile-p2gcW0\Crashpad\reports\8e2a7f84-e65f-471e-9f7f-d06bf2d4f9cd.dmp: The system cannot find the path specified. (0x3)
[1205/084046.094:ERROR:crash_report_exception_handler.cc(99)] PrepareNewCrashReport failed
[1205/084714.436:ERROR:process_reader_win.cc(151)] SuspendThread: Access is denied. (0x5)
[1205/084714.442:ERROR:file_io_win.cc(162)] CreateFile C:\Users\AZUREU~1\AppData\Local\Temp\puppeteer_dev_chrome_profile-5p05Vm\Crashpad\settings.dat: The system cannot find the path specified. (0x3)
[1205/084714.443:ERROR:file_io_win.cc(171)] CreateFile C:\Users\AZUREU~1\AppData\Local\Temp\puppeteer_dev_chrome_profile-5p05Vm\Crashpad\reports\aef7c54b-82c1-4a82-9e13-6515c506e6eb.dmp: The system cannot find the path specified. (0x3)
[1205/084714.443:ERROR:crash_report_exception_handler.cc(99)] PrepareNewCrashReport failed
[1205/085719.055:ERROR:directory_reader_win.cc(43)] FindFirstFile: The system cannot find the path specified. (0x3)
[1205/085942.524:ERROR:process_reader_win.cc(151)] SuspendThread: Access is denied. (0x5)
[1205/085942.531:ERROR:file_io_win.cc(162)] CreateFile C:\Users\AZUREU~1\AppData\Local\Temp\puppeteer_dev_chrome_profile-8UuBHt\Crashpad\settings.dat: The system cannot find the path specified. (0x3)
[1205/085942.531:ERROR:file_io_win.cc(171)] CreateFile C:\Users\AZUREU~1\AppData\Local\Temp\puppeteer_dev_chrome_profile-8UuBHt\Crashpad\reports\460ab268-dc3d-45de-8eef-4238d0c32c78.dmp: The system cannot find the path specified. (0x3)
[1205/085942.531:ERROR:crash_report_exception_handler.cc(99)] PrepareNewCrashReport failed
[1205/090222.478:ERROR:process_reader_win.cc(151)] SuspendThread: Access is denied. (0x5)
[1205/090222.485:ERROR:file_io_win.cc(162)] CreateFile C:\Users\AZUREU~1\AppData\Local\Temp\puppeteer_dev_chrome_profile-rF2aIU\Crashpad\settings.dat: The system cannot find the path specified. (0x3)
[1205/090222.485:ERROR:file_io_win.cc(171)] CreateFile C:\Users\AZUREU~1\AppData\Local\Temp\puppeteer_dev_chrome_profile-rF2aIU\Crashpad\reports\a197af3e-2278-4e17-93ce-102246563c5c.dmp: The system cannot find the path specified. (0x3)
[1205/090222.485:ERROR:crash_report_exception_handler.cc(99)] PrepareNewCrashReport failed
[1205/090910.053:ERROR:process_reader_win.cc(151)] SuspendThread: Access is denied. (0x5)
[1205/090910.061:ERROR:file_io_win.cc(162)] CreateFile C:\Users\AZUREU~1\AppData\Local\Temp\puppeteer_dev_chrome_profile-ZV25Ji\Crashpad\settings.dat: The system cannot find the path specified. (0x3)
[1205/090910.061:ERROR:file_io_win.cc(171)] CreateFile C:\Users\AZUREU~1\AppData\Local\Temp\puppeteer_dev_chrome_profile-ZV25Ji\Crashpad\reports\953f943f-cce4-4bdd-81f7-4ae9b5c46f18.dmp: The system cannot find the path specified. (0x3)
[1205/090910.061:ERROR:crash_report_exception_handler.cc(99)] PrepareNewCrashReport failed
[1205/091340.129:ERROR:process_reader_win.cc(151)] SuspendThread: Access is denied. (0x5)
[1205/091340.136:ERROR:file_io_win.cc(162)] CreateFile C:\Users\AZUREU~1\AppData\Local\Temp\puppeteer_dev_chrome_profile-P2zZ3Q\Crashpad\settings.dat: The system cannot find the path specified. (0x3)
[1205/091340.137:ERROR:file_io_win.cc(171)] CreateFile C:\Users\AZUREU~1\AppData\Local\Temp\puppeteer_dev_chrome_profile-P2zZ3Q\Crashpad\reports\c0d22223-23a0-4a99-8d4d-2ee838835869.dmp: The system cannot find the path specified. (0x3)
[1205/091340.137:ERROR:crash_report_exception_handler.cc(99)] PrepareNewCrashReport failed
[1205/092044.272:ERROR:process_reader_win.cc(151)] SuspendThread: Access is denied. (0x5)
[1205/092044.275:ERROR:file_io_win.cc(162)] CreateFile C:\Users\AZUREU~1\AppData\Local\Temp\puppeteer_dev_chrome_profile-3yfYXM\Crashpad\settings.dat: The system cannot find the path specified. (0x3)
[1205/092044.275:ERROR:file_io_win.cc(171)] CreateFile C:\Users\AZUREU~1\AppData\Local\Temp\puppeteer_dev_chrome_profile-3yfYXM\Crashpad\reports\44c43867-54b0-49c6-88f7-34c1693e85ab.dmp: The system cannot find the path specified. (0x3)
[1205/092044.275:ERROR:crash_report_exception_handler.cc(99)] PrepareNewCrashReport failed
[1205/092615.893:ERROR:file_io_win.cc(162)] CreateFile C:\Users\AZUREU~1\AppData\Local\Temp\puppeteer_dev_chrome_profile-YK5K2i\Crashpad\settings.dat: The system cannot find the path specified. (0x3)
[1205/092615.895:ERROR:file_io_win.cc(171)] CreateFile C:\Users\AZUREU~1\AppData\Local\Temp\puppeteer_dev_chrome_profile-YK5K2i\Crashpad\reports\00f2f112-5dbc-4e64-a5ee-e66579031a5a.dmp: The system cannot find the path specified. (0x3)
[1205/092615.895:ERROR:crash_report_exception_handler.cc(99)] PrepareNewCrashReport failed
[1205/092721.307:ERROR:process_reader_win.cc(151)] SuspendThread: Access is denied. (0x5)
[1205/092721.313:ERROR:file_io_win.cc(162)] CreateFile C:\Users\AZUREU~1\AppData\Local\Temp\puppeteer_dev_chrome_profile-gGx7rY\Crashpad\settings.dat: The system cannot find the path specified. (0x3)
[1205/092721.314:ERROR:file_io_win.cc(171)] CreateFile C:\Users\AZUREU~1\AppData\Local\Temp\puppeteer_dev_chrome_profile-gGx7rY\Crashpad\reports\eef5540a-98df-421b-9896-0ab7114695f7.dmp: The system cannot find the path specified. (0x3)
[1205/092721.314:ERROR:crash_report_exception_handler.cc(99)] PrepareNewCrashReport failed
[1205/092901.696:ERROR:process_reader_win.cc(151)] SuspendThread: Access is denied. (0x5)
[1205/092901.704:ERROR:file_io_win.cc(162)] CreateFile C:\Users\AZUREU~1\AppData\Local\Temp\puppeteer_dev_chrome_profile-EPSN1D\Crashpad\settings.dat: The system cannot find the path specified. (0x3)
[1205/092901.704:ERROR:file_io_win.cc(171)] CreateFile C:\Users\AZUREU~1\AppData\Local\Temp\puppeteer_dev_chrome_profile-EPSN1D\Crashpad\reports\d437258e-b39d-42fc-ad64-285298289940.dmp: The system cannot find the path specified. (0x3)
[1205/092901.704:ERROR:crash_report_exception_handler.cc(99)] PrepareNewCrashReport failed
[1205/093057.567:ERROR:process_reader_win.cc(151)] SuspendThread: Access is denied. (0x5)
[1205/093057.574:ERROR:file_io_win.cc(162)] CreateFile C:\Users\AZUREU~1\AppData\Local\Temp\puppeteer_dev_chrome_profile-Nhdc4a\Crashpad\settings.dat: The system cannot find the path specified. (0x3)
[1205/093057.574:ERROR:file_io_win.cc(171)] CreateFile C:\Users\AZUREU~1\AppData\Local\Temp\puppeteer_dev_chrome_profile-Nhdc4a\Crashpad\reports\f3af1a3a-6d9d-49da-ac21-05f822c66f99.dmp: The system cannot find the path specified. (0x3)
[1205/093057.574:ERROR:crash_report_exception_handler.cc(99)] PrepareNewCrashReport failed
[1205/093910.998:ERROR:process_reader_win.cc(151)] SuspendThread: Access is denied. (0x5)
[1205/093911.006:ERROR:file_io_win.cc(162)] CreateFile C:\Users\AZUREU~1\AppData\Local\Temp\puppeteer_dev_chrome_profile-SyJ0Ah\Crashpad\settings.dat: The system cannot find the path specified. (0x3)
[1205/093911.006:ERROR:file_io_win.cc(171)] CreateFile C:\Users\AZUREU~1\AppData\Local\Temp\puppeteer_dev_chrome_profile-SyJ0Ah\Crashpad\reports\bc0a0c1f-a2ae-4ce1-b5e5-167ababf4255.dmp: The system cannot find the path specified. (0x3)
[1205/093911.006:ERROR:crash_report_exception_handler.cc(99)] PrepareNewCrashReport failed
[1205/094100.976:ERROR:process_reader_win.cc(151)] SuspendThread: Access is denied. (0x5)
[1205/094100.984:ERROR:file_io_win.cc(162)] CreateFile C:\Users\AZUREU~1\AppData\Local\Temp\puppeteer_dev_chrome_profile-71BkPG\Crashpad\settings.dat: The system cannot find the path specified. (0x3)
[1205/094100.984:ERROR:file_io_win.cc(171)] CreateFile C:\Users\AZUREU~1\AppData\Local\Temp\puppeteer_dev_chrome_profile-71BkPG\Crashpad\reports\0615c8c6-0796-4b3b-bf96-a0e7f868f7cb.dmp: The system cannot find the path specified. (0x3)
[1205/094100.984:ERROR:crash_report_exception_handler.cc(99)] PrepareNewCrashReport failed
[1205/095105.108:ERROR:directory_reader_win.cc(43)] FindFirstFile: The system cannot find the path specified. (0x3)
[1205/095540.138:ERROR:process_reader_win.cc(151)] SuspendThread: Access is denied. (0x5)
[1205/095540.144:ERROR:file_io_win.cc(162)] CreateFile C:\Users\AZUREU~1\AppData\Local\Temp\puppeteer_dev_chrome_profile-9Rw4uH\Crashpad\settings.dat: The system cannot find the path specified. (0x3)
[1205/095540.144:ERROR:file_io_win.cc(171)] CreateFile C:\Users\AZUREU~1\AppData\Local\Temp\puppeteer_dev_chrome_profile-9Rw4uH\Crashpad\reports\8c449862-be09-4db7-a714-b50a62589080.dmp: The system cannot find the path specified. (0x3)
[1205/095540.144:ERROR:crash_report_exception_handler.cc(99)] PrepareNewCrashReport failed
[1205/100545.981:ERROR:directory_reader_win.cc(43)] FindFirstFile: The system cannot find the path specified. (0x3)
[1205/205302.259:ERROR:process_reader_win.cc(151)] SuspendThread: Access is denied. (0x5)
[1206/040905.926:ERROR:directory_reader_win.cc(43)] FindFirstFile: The system cannot find the path specified. (0x3)
[1206/065244.346:ERROR:process_reader_win.cc(151)] SuspendThread: Access is denied. (0x5)
[1206/065244.353:ERROR:file_io_win.cc(162)] CreateFile C:\Users\AZUREU~1\AppData\Local\Temp\puppeteer_dev_chrome_profile-g0DUmT\Crashpad\settings.dat: The system cannot find the path specified. (0x3)
[1206/065244.353:ERROR:file_io_win.cc(171)] CreateFile C:\Users\AZUREU~1\AppData\Local\Temp\puppeteer_dev_chrome_profile-g0DUmT\Crashpad\reports\d71d36cb-d170-43f5-963b-f14897a11802.dmp: The system cannot find the path specified. (0x3)
[1206/065244.353:ERROR:crash_report_exception_handler.cc(99)] PrepareNewCrashReport failed
[1206/070515.222:ERROR:directory_reader_win.cc(43)] FindFirstFile: The system cannot find the path specified. (0x3)
[1207/060302.539:ERROR:process_reader_win.cc(151)] SuspendThread: Access is denied. (0x5)
[1207/060302.547:ERROR:file_io_win.cc(162)] CreateFile C:\Users\AZUREU~1\AppData\Local\Temp\puppeteer_dev_chrome_profile-Waal8Z\Crashpad\settings.dat: The system cannot find the path specified. (0x3)
[1207/060302.547:ERROR:file_io_win.cc(171)] CreateFile C:\Users\AZUREU~1\AppData\Local\Temp\puppeteer_dev_chrome_profile-Waal8Z\Crashpad\reports\185726bf-b813-4315-85b7-62120c298cef.dmp: The system cannot find the path specified. (0x3)
[1207/060302.547:ERROR:crash_report_exception_handler.cc(99)] PrepareNewCrashReport failed
[1207/062016.543:ERROR:directory_reader_win.cc(43)] FindFirstFile: The system cannot find the path specified. (0x3)
[1207/070448.286:ERROR:process_reader_win.cc(151)] SuspendThread: Access is denied. (0x5)
[1207/070448.294:ERROR:file_io_win.cc(162)] CreateFile C:\Users\AZUREU~1\AppData\Local\Temp\puppeteer_dev_chrome_profile-QzJlZ6\Crashpad\settings.dat: The system cannot find the path specified. (0x3)
[1207/070448.294:ERROR:file_io_win.cc(171)] CreateFile C:\Users\AZUREU~1\AppData\Local\Temp\puppeteer_dev_chrome_profile-QzJlZ6\Crashpad\reports\f6875e85-9f65-484c-954a-dad832db1f87.dmp: The system cannot find the path specified. (0x3)
[1207/070448.294:ERROR:crash_report_exception_handler.cc(99)] PrepareNewCrashReport failed
[1207/070608.669:ERROR:process_reader_win.cc(151)] SuspendThread: Access is denied. (0x5)
[1207/070608.679:ERROR:file_io_win.cc(162)] CreateFile C:\Users\AZUREU~1\AppData\Local\Temp\puppeteer_dev_chrome_profile-JwQMlt\Crashpad\settings.dat: The system cannot find the path specified. (0x3)
[1207/070608.679:ERROR:file_io_win.cc(171)] CreateFile C:\Users\AZUREU~1\AppData\Local\Temp\puppeteer_dev_chrome_profile-JwQMlt\Crashpad\reports\ff734220-db1a-4224-8f9c-24c0880120bf.dmp: The system cannot find the path specified. (0x3)
[1207/070608.679:ERROR:crash_report_exception_handler.cc(99)] PrepareNewCrashReport failed
[1207/071614.137:ERROR:directory_reader_win.cc(43)] FindFirstFile: The system cannot find the path specified. (0x3)
[1207/071842.485:ERROR:process_reader_win.cc(151)] SuspendThread: Access is denied. (0x5)
[1207/071842.491:ERROR:file_io_win.cc(162)] CreateFile C:\Users\AZUREU~1\AppData\Local\Temp\puppeteer_dev_chrome_profile-khbYac\Crashpad\settings.dat: The system cannot find the path specified. (0x3)
[1207/071842.492:ERROR:file_io_win.cc(171)] CreateFile C:\Users\AZUREU~1\AppData\Local\Temp\puppeteer_dev_chrome_profile-khbYac\Crashpad\reports\e914a96e-b212-41c6-827e-e7a557adc9d7.dmp: The system cannot find the path specified. (0x3)
[1207/071842.492:ERROR:crash_report_exception_handler.cc(99)] PrepareNewCrashReport failed
[1207/072847.915:ERROR:directory_reader_win.cc(43)] FindFirstFile: The system cannot find the path specified. (0x3)
[1207/074830.321:ERROR:process_reader_win.cc(151)] SuspendThread: Access is denied. (0x5)
[1207/074830.330:ERROR:file_io_win.cc(162)] CreateFile C:\Users\AZUREU~1\AppData\Local\Temp\puppeteer_dev_chrome_profile-96AYI7\Crashpad\settings.dat: The system cannot find the path specified. (0x3)
[1207/074830.330:ERROR:file_io_win.cc(171)] CreateFile C:\Users\AZUREU~1\AppData\Local\Temp\puppeteer_dev_chrome_profile-96AYI7\Crashpad\reports\d7d24ef1-1702-4242-8f42-d9694f1c9e74.dmp: The system cannot find the path specified. (0x3)
[1207/074830.330:ERROR:crash_report_exception_handler.cc(99)] PrepareNewCrashReport failed
[1207/075027.798:ERROR:process_reader_win.cc(151)] SuspendThread: Access is denied. (0x5)
[1207/075027.805:ERROR:file_io_win.cc(162)] CreateFile C:\Users\AZUREU~1\AppData\Local\Temp\puppeteer_dev_chrome_profile-SWGN83\Crashpad\settings.dat: The system cannot find the path specified. (0x3)
[1207/075027.805:ERROR:file_io_win.cc(171)] CreateFile C:\Users\AZUREU~1\AppData\Local\Temp\puppeteer_dev_chrome_profile-SWGN83\Crashpad\reports\a7d2dfcc-d0ec-48b5-bdf1-98ddf33ac030.dmp: The system cannot find the path specified. (0x3)
[1207/075027.805:ERROR:crash_report_exception_handler.cc(99)] PrepareNewCrashReport failed
[1207/075814.492:ERROR:process_reader_win.cc(151)] SuspendThread: Access is denied. (0x5)
[1207/075814.500:ERROR:file_io_win.cc(162)] CreateFile C:\Users\AZUREU~1\AppData\Local\Temp\puppeteer_dev_chrome_profile-2ohAYr\Crashpad\settings.dat: The system cannot find the path specified. (0x3)
[1207/075814.501:ERROR:file_io_win.cc(171)] CreateFile C:\Users\AZUREU~1\AppData\Local\Temp\puppeteer_dev_chrome_profile-2ohAYr\Crashpad\reports\1edd50ee-e65b-4494-8224-708e5f565a2a.dmp: The system cannot find the path specified. (0x3)
[1207/075814.501:ERROR:crash_report_exception_handler.cc(99)] PrepareNewCrashReport failed
[1207/075921.457:ERROR:process_reader_win.cc(151)] SuspendThread: Access is denied. (0x5)
[1207/075921.464:ERROR:file_io_win.cc(162)] CreateFile C:\Users\AZUREU~1\AppData\Local\Temp\puppeteer_dev_chrome_profile-0kiNRA\Crashpad\settings.dat: The system cannot find the path specified. (0x3)
[1207/075921.465:ERROR:file_io_win.cc(171)] CreateFile C:\Users\AZUREU~1\AppData\Local\Temp\puppeteer_dev_chrome_profile-0kiNRA\Crashpad\reports\712a2a62-ea63-4746-b4b6-e6e223426d4b.dmp: The system cannot find the path specified. (0x3)
[1207/075921.465:ERROR:crash_report_exception_handler.cc(99)] PrepareNewCrashReport failed
[1207/080040.511:ERROR:process_reader_win.cc(151)] SuspendThread: Access is denied. (0x5)
[1207/080040.523:ERROR:file_io_win.cc(162)] CreateFile C:\Users\AZUREU~1\AppData\Local\Temp\puppeteer_dev_chrome_profile-Hxr1xG\Crashpad\settings.dat: The system cannot find the path specified. (0x3)
[1207/080040.523:ERROR:file_io_win.cc(171)] CreateFile C:\Users\AZUREU~1\AppData\Local\Temp\puppeteer_dev_chrome_profile-Hxr1xG\Crashpad\reports\39a4124c-c5e6-4132-b901-be8d5ed41e0f.dmp: The system cannot find the path specified. (0x3)
[1207/080040.523:ERROR:crash_report_exception_handler.cc(99)] PrepareNewCrashReport failed
[1207/080255.407:ERROR:process_reader_win.cc(151)] SuspendThread: Access is denied. (0x5)
[1207/080255.415:ERROR:file_io_win.cc(162)] CreateFile C:\Users\AZUREU~1\AppData\Local\Temp\puppeteer_dev_chrome_profile-poLzTZ\Crashpad\settings.dat: The system cannot find the path specified. (0x3)
[1207/080255.416:ERROR:file_io_win.cc(171)] CreateFile C:\Users\AZUREU~1\AppData\Local\Temp\puppeteer_dev_chrome_profile-poLzTZ\Crashpad\reports\f1eec354-5acd-4b46-bb4f-051e7c4bdb70.dmp: The system cannot find the path specified. (0x3)
[1207/080255.416:ERROR:crash_report_exception_handler.cc(99)] PrepareNewCrashReport failed
[1207/081300.985:ERROR:directory_reader_win.cc(43)] FindFirstFile: The system cannot find the path specified. (0x3)
[1207/081344.916:ERROR:process_reader_win.cc(151)] SuspendThread: Access is denied. (0x5)
[1207/081344.923:ERROR:file_io_win.cc(162)] CreateFile C:\Users\AZUREU~1\AppData\Local\Temp\puppeteer_dev_chrome_profile-OaoN44\Crashpad\settings.dat: The system cannot find the path specified. (0x3)
[1207/081344.923:ERROR:file_io_win.cc(171)] CreateFile C:\Users\AZUREU~1\AppData\Local\Temp\puppeteer_dev_chrome_profile-OaoN44\Crashpad\reports\3dd8c9da-7d27-48a8-af94-0c58b2420ea6.dmp: The system cannot find the path specified. (0x3)
[1207/081344.923:ERROR:crash_report_exception_handler.cc(99)] PrepareNewCrashReport failed
[1207/081542.863:ERROR:process_reader_win.cc(151)] SuspendThread: Access is denied. (0x5)
[1207/081542.867:ERROR:file_io_win.cc(162)] CreateFile C:\Users\AZUREU~1\AppData\Local\Temp\puppeteer_dev_chrome_profile-O5p2Vb\Crashpad\settings.dat: The system cannot find the path specified. (0x3)
[1207/081542.867:ERROR:file_io_win.cc(171)] CreateFile C:\Users\AZUREU~1\AppData\Local\Temp\puppeteer_dev_chrome_profile-O5p2Vb\Crashpad\reports\8b800b1e-15ac-4631-9637-f640bd31759b.dmp: The system cannot find the path specified. (0x3)
[1207/081542.867:ERROR:crash_report_exception_handler.cc(99)] PrepareNewCrashReport failed
[1207/081657.495:ERROR:process_reader_win.cc(151)] SuspendThread: Access is denied. (0x5)
[1207/081657.502:ERROR:file_io_win.cc(162)] CreateFile C:\Users\AZUREU~1\AppData\Local\Temp\puppeteer_dev_chrome_profile-YZA1Gl\Crashpad\settings.dat: The system cannot find the path specified. (0x3)
[1207/081657.503:ERROR:file_io_win.cc(171)] CreateFile C:\Users\AZUREU~1\AppData\Local\Temp\puppeteer_dev_chrome_profile-YZA1Gl\Crashpad\reports\4e0c53f6-132a-40cf-b4b9-047f7afd2c8a.dmp: The system cannot find the path specified. (0x3)
[1207/081657.503:ERROR:crash_report_exception_handler.cc(99)] PrepareNewCrashReport failed
[1207/082018.035:ERROR:process_reader_win.cc(151)] SuspendThread: Access is denied. (0x5)
[1207/082018.043:ERROR:file_io_win.cc(162)] CreateFile C:\Users\AZUREU~1\AppData\Local\Temp\puppeteer_dev_chrome_profile-eDernk\Crashpad\settings.dat: The system cannot find the path specified. (0x3)
[1207/082018.043:ERROR:file_io_win.cc(171)] CreateFile C:\Users\AZUREU~1\AppData\Local\Temp\puppeteer_dev_chrome_profile-eDernk\Crashpad\reports\2a97a8ee-8cd1-4c5d-a092-34fd7a57fa25.dmp: The system cannot find the path specified. (0x3)
[1207/082018.043:ERROR:crash_report_exception_handler.cc(99)] PrepareNewCrashReport failed
[1207/082407.217:ERROR:process_reader_win.cc(151)] SuspendThread: Access is denied. (0x5)
[1207/082407.225:ERROR:file_io_win.cc(162)] CreateFile C:\Users\AZUREU~1\AppData\Local\Temp\puppeteer_dev_chrome_profile-uYVYCb\Crashpad\settings.dat: The system cannot find the path specified. (0x3)
[1207/082407.226:ERROR:file_io_win.cc(171)] CreateFile C:\Users\AZUREU~1\AppData\Local\Temp\puppeteer_dev_chrome_profile-uYVYCb\Crashpad\reports\05b1854f-4e49-44dd-879a-88451becbdbb.dmp: The system cannot find the path specified. (0x3)
[1207/082407.226:ERROR:crash_report_exception_handler.cc(99)] PrepareNewCrashReport failed
[1207/082535.601:ERROR:process_reader_win.cc(151)] SuspendThread: Access is denied. (0x5)
[1207/082535.609:ERROR:file_io_win.cc(162)] CreateFile C:\Users\AZUREU~1\AppData\Local\Temp\puppeteer_dev_chrome_profile-Q9mBMn\Crashpad\settings.dat: The system cannot find the path specified. (0x3)
[1207/082535.609:ERROR:file_io_win.cc(171)] CreateFile C:\Users\AZUREU~1\AppData\Local\Temp\puppeteer_dev_chrome_profile-Q9mBMn\Crashpad\reports\d1cbf80b-1a8b-41b1-a51a-e861165a1252.dmp: The system cannot find the path specified. (0x3)
[1207/082535.609:ERROR:crash_report_exception_handler.cc(99)] PrepareNewCrashReport failed
[1207/082624.170:ERROR:process_reader_win.cc(151)] SuspendThread: Access is denied. (0x5)
[1207/082624.178:ERROR:file_io_win.cc(162)] CreateFile C:\Users\AZUREU~1\AppData\Local\Temp\puppeteer_dev_chrome_profile-fgnrW9\Crashpad\settings.dat: The system cannot find the path specified. (0x3)
[1207/082624.178:ERROR:file_io_win.cc(171)] CreateFile C:\Users\AZUREU~1\AppData\Local\Temp\puppeteer_dev_chrome_profile-fgnrW9\Crashpad\reports\f2010ce5-2b71-48e5-bca0-90255e18ff13.dmp: The system cannot find the path specified. (0x3)
[1207/082624.178:ERROR:crash_report_exception_handler.cc(99)] PrepareNewCrashReport failed
[1207/082800.426:ERROR:process_reader_win.cc(151)] SuspendThread: Access is denied. (0x5)
[1207/082800.435:ERROR:file_io_win.cc(162)] CreateFile C:\Users\AZUREU~1\AppData\Local\Temp\puppeteer_dev_chrome_profile-KToER7\Crashpad\settings.dat: The system cannot find the path specified. (0x3)
[1207/082800.435:ERROR:file_io_win.cc(171)] CreateFile C:\Users\AZUREU~1\AppData\Local\Temp\puppeteer_dev_chrome_profile-KToER7\Crashpad\reports\5db10ce0-eda3-4c6e-ab69-4b25ffea9261.dmp: The system cannot find the path specified. (0x3)
[1207/082800.435:ERROR:crash_report_exception_handler.cc(99)] PrepareNewCrashReport failed
[1207/083055.917:ERROR:process_reader_win.cc(151)] SuspendThread: Access is denied. (0x5)
[1207/083055.926:ERROR:file_io_win.cc(162)] CreateFile C:\Users\AZUREU~1\AppData\Local\Temp\puppeteer_dev_chrome_profile-c8MzYV\Crashpad\settings.dat: The system cannot find the path specified. (0x3)
[1207/083055.927:ERROR:file_io_win.cc(171)] CreateFile C:\Users\AZUREU~1\AppData\Local\Temp\puppeteer_dev_chrome_profile-c8MzYV\Crashpad\reports\70e6e935-9f77-448f-8130-c571aa8637ce.dmp: The system cannot find the path specified. (0x3)
[1207/083055.927:ERROR:crash_report_exception_handler.cc(99)] PrepareNewCrashReport failed
[1207/083155.820:ERROR:process_reader_win.cc(151)] SuspendThread: Access is denied. (0x5)
[1207/083155.827:ERROR:file_io_win.cc(162)] CreateFile C:\Users\AZUREU~1\AppData\Local\Temp\puppeteer_dev_chrome_profile-THlEIV\Crashpad\settings.dat: The system cannot find the path specified. (0x3)
[1207/083155.828:ERROR:file_io_win.cc(171)] CreateFile C:\Users\AZUREU~1\AppData\Local\Temp\puppeteer_dev_chrome_profile-THlEIV\Crashpad\reports\7c6b6c08-f270-4dc5-bd6c-4891210d0819.dmp: The system cannot find the path specified. (0x3)
[1207/083155.828:ERROR:crash_report_exception_handler.cc(99)] PrepareNewCrashReport failed
[1207/083506.529:ERROR:process_reader_win.cc(151)] SuspendThread: Access is denied. (0x5)
[1207/083506.530:ERROR:file_io_win.cc(162)] CreateFile C:\Users\AZUREU~1\AppData\Local\Temp\puppeteer_dev_chrome_profile-yOvQUj\Crashpad\settings.dat: The system cannot find the path specified. (0x3)
[1207/083506.530:ERROR:file_io_win.cc(171)] CreateFile C:\Users\AZUREU~1\AppData\Local\Temp\puppeteer_dev_chrome_profile-yOvQUj\Crashpad\reports\b64cb4fb-c95d-4ccb-b8c3-0ee05d4b079f.dmp: The system cannot find the path specified. (0x3)
[1207/083506.530:ERROR:crash_report_exception_handler.cc(99)] PrepareNewCrashReport failed
[1207/083652.539:ERROR:process_reader_win.cc(151)] SuspendThread: Access is denied. (0x5)
[1207/083652.546:ERROR:file_io_win.cc(162)] CreateFile C:\Users\AZUREU~1\AppData\Local\Temp\puppeteer_dev_chrome_profile-xuV3qi\Crashpad\settings.dat: The system cannot find the path specified. (0x3)
[1207/083652.546:ERROR:file_io_win.cc(171)] CreateFile C:\Users\AZUREU~1\AppData\Local\Temp\puppeteer_dev_chrome_profile-xuV3qi\Crashpad\reports\b1079470-7502-44f0-bb2a-9eea3e1913ae.dmp: The system cannot find the path specified. (0x3)
[1207/083652.546:ERROR:crash_report_exception_handler.cc(99)] PrepareNewCrashReport failed
[1207/084530.210:ERROR:process_reader_win.cc(151)] SuspendThread: Access is denied. (0x5)
[1207/084530.227:ERROR:file_io_win.cc(162)] CreateFile C:\Users\AZUREU~1\AppData\Local\Temp\puppeteer_dev_chrome_profile-jNtq6M\Crashpad\settings.dat: The system cannot find the path specified. (0x3)
[1207/084530.228:ERROR:file_io_win.cc(171)] CreateFile C:\Users\AZUREU~1\AppData\Local\Temp\puppeteer_dev_chrome_profile-jNtq6M\Crashpad\reports\3c483e9d-5653-42d4-ba4d-8a43b6c4db9c.dmp: The system cannot find the path specified. (0x3)
[1207/084530.228:ERROR:crash_report_exception_handler.cc(99)] PrepareNewCrashReport failed
[1207/084748.965:ERROR:process_reader_win.cc(151)] SuspendThread: Access is denied. (0x5)
[1207/084748.973:ERROR:file_io_win.cc(162)] CreateFile C:\Users\AZUREU~1\AppData\Local\Temp\puppeteer_dev_chrome_profile-LahmNw\Crashpad\settings.dat: The system cannot find the path specified. (0x3)
[1207/084748.974:ERROR:file_io_win.cc(171)] CreateFile C:\Users\AZUREU~1\AppData\Local\Temp\puppeteer_dev_chrome_profile-LahmNw\Crashpad\reports\166779fd-58a6-4da5-8a05-0d1b882aedae.dmp: The system cannot find the path specified. (0x3)
[1207/084748.974:ERROR:crash_report_exception_handler.cc(99)] PrepareNewCrashReport failed
[1207/084814.342:ERROR:process_reader_win.cc(151)] SuspendThread: Access is denied. (0x5)
[1207/084814.350:ERROR:file_io_win.cc(162)] CreateFile C:\Users\AZUREU~1\AppData\Local\Temp\puppeteer_dev_chrome_profile-5obzg7\Crashpad\settings.dat: The system cannot find the path specified. (0x3)
[1207/084814.350:ERROR:file_io_win.cc(171)] CreateFile C:\Users\AZUREU~1\AppData\Local\Temp\puppeteer_dev_chrome_profile-5obzg7\Crashpad\reports\e71bbc9f-09d8-4d60-b69f-8ff1e610dac0.dmp: The system cannot find the path specified. (0x3)
[1207/084814.350:ERROR:crash_report_exception_handler.cc(99)] PrepareNewCrashReport failed
[1207/085240.366:ERROR:file_io_win.cc(162)] CreateFile C:\Users\AZUREU~1\AppData\Local\Temp\puppeteer_dev_chrome_profile-vpAsgK\Crashpad\settings.dat: The system cannot find the path specified. (0x3)
[1207/085240.369:ERROR:file_io_win.cc(171)] CreateFile C:\Users\AZUREU~1\AppData\Local\Temp\puppeteer_dev_chrome_profile-vpAsgK\Crashpad\reports\7c4ae478-667d-41f5-b5fb-2ffb439dc65c.dmp: The system cannot find the path specified. (0x3)
[1207/085240.369:ERROR:crash_report_exception_handler.cc(99)] PrepareNewCrashReport failed
[1207/085741.199:ERROR:process_reader_win.cc(151)] SuspendThread: Access is denied. (0x5)
[1207/085741.206:ERROR:file_io_win.cc(162)] CreateFile C:\Users\AZUREU~1\AppData\Local\Temp\puppeteer_dev_chrome_profile-AOOLr5\Crashpad\settings.dat: The system cannot find the path specified. (0x3)
[1207/085741.207:ERROR:file_io_win.cc(171)] CreateFile C:\Users\AZUREU~1\AppData\Local\Temp\puppeteer_dev_chrome_profile-AOOLr5\Crashpad\reports\3fafec5f-ca1b-402a-a7d3-24b27b15826a.dmp: The system cannot find the path specified. (0x3)
[1207/085741.207:ERROR:crash_report_exception_handler.cc(99)] PrepareNewCrashReport failed
[1207/090255.924:ERROR:process_reader_win.cc(151)] SuspendThread: Access is denied. (0x5)
[1207/090255.932:ERROR:file_io_win.cc(162)] CreateFile C:\Users\AZUREU~1\AppData\Local\Temp\puppeteer_dev_chrome_profile-HOdiGJ\Crashpad\settings.dat: The system cannot find the path specified. (0x3)
[1207/090255.932:ERROR:file_io_win.cc(171)] CreateFile C:\Users\AZUREU~1\AppData\Local\Temp\puppeteer_dev_chrome_profile-HOdiGJ\Crashpad\reports\1e264dd3-6245-4fd9-a7ea-21d0feb004e9.dmp: The system cannot find the path specified. (0x3)
[1207/090255.932:ERROR:crash_report_exception_handler.cc(99)] PrepareNewCrashReport failed
[1207/092819.255:ERROR:process_reader_win.cc(151)] SuspendThread: Access is denied. (0x5)
[1207/092819.262:ERROR:file_io_win.cc(162)] CreateFile C:\Users\AZUREU~1\AppData\Local\Temp\puppeteer_dev_chrome_profile-MF87gI\Crashpad\settings.dat: The system cannot find the path specified. (0x3)
[1207/092819.262:ERROR:file_io_win.cc(171)] CreateFile C:\Users\AZUREU~1\AppData\Local\Temp\puppeteer_dev_chrome_profile-MF87gI\Crashpad\reports\34e50ef4-a57f-466d-845b-fdb20e121e7d.dmp: The system cannot find the path specified. (0x3)
[1207/092819.263:ERROR:crash_report_exception_handler.cc(99)] PrepareNewCrashReport failed
[1207/092848.889:ERROR:process_reader_win.cc(151)] SuspendThread: Access is denied. (0x5)
[1207/092848.899:ERROR:file_io_win.cc(162)] CreateFile C:\Users\AZUREU~1\AppData\Local\Temp\puppeteer_dev_chrome_profile-5hTGNe\Crashpad\settings.dat: The system cannot find the path specified. (0x3)
[1207/092848.899:ERROR:file_io_win.cc(171)] CreateFile C:\Users\AZUREU~1\AppData\Local\Temp\puppeteer_dev_chrome_profile-5hTGNe\Crashpad\reports\78525e5c-8ef8-41a6-8fcd-7efc5f375780.dmp: The system cannot find the path specified. (0x3)
[1207/092848.899:ERROR:crash_report_exception_handler.cc(99)] PrepareNewCrashReport failed
[1207/093157.888:ERROR:process_reader_win.cc(151)] SuspendThread: Access is denied. (0x5)
[1207/093157.896:ERROR:file_io_win.cc(162)] CreateFile C:\Users\AZUREU~1\AppData\Local\Temp\puppeteer_dev_chrome_profile-K3PT6A\Crashpad\settings.dat: The system cannot find the path specified. (0x3)
[1207/093157.896:ERROR:file_io_win.cc(171)] CreateFile C:\Users\AZUREU~1\AppData\Local\Temp\puppeteer_dev_chrome_profile-K3PT6A\Crashpad\reports\0a02e072-5823-42c1-9852-1419dff273f7.dmp: The system cannot find the path specified. (0x3)
[1207/093157.896:ERROR:crash_report_exception_handler.cc(99)] PrepareNewCrashReport failed
[1207/093350.054:ERROR:file_io_win.cc(162)] CreateFile C:\Users\AZUREU~1\AppData\Local\Temp\puppeteer_dev_chrome_profile-Mf1tSu\Crashpad\settings.dat: The system cannot find the path specified. (0x3)
[1207/093350.055:ERROR:file_io_win.cc(171)] CreateFile C:\Users\AZUREU~1\AppData\Local\Temp\puppeteer_dev_chrome_profile-Mf1tSu\Crashpad\reports\86079bdd-02de-4835-888d-7d7721b9139f.dmp: The system cannot find the path specified. (0x3)
[1207/093350.055:ERROR:crash_report_exception_handler.cc(99)] PrepareNewCrashReport failed
[1207/094355.089:ERROR:directory_reader_win.cc(43)] FindFirstFile: The system cannot find the path specified. (0x3)
[1207/134128.501:ERROR:process_reader_win.cc(151)] SuspendThread: Access is denied. (0x5)
[1207/134128.539:ERROR:file_io_win.cc(162)] CreateFile C:\Users\AZUREU~1\AppData\Local\Temp\puppeteer_dev_chrome_profile-CSEsjc\Crashpad\settings.dat: The system cannot find the path specified. (0x3)
[1207/134128.539:ERROR:file_io_win.cc(171)] CreateFile C:\Users\AZUREU~1\AppData\Local\Temp\puppeteer_dev_chrome_profile-CSEsjc\Crashpad\reports\1b6fa7f8-642b-47ea-80da-4e09dee1988b.dmp: The system cannot find the path specified. (0x3)
[1207/134128.539:ERROR:crash_report_exception_handler.cc(99)] PrepareNewCrashReport failed
[1207/135244.655:ERROR:directory_reader_win.cc(43)] FindFirstFile: The system cannot find the path specified. (0x3)
[1207/153855.923:ERROR:process_reader_win.cc(151)] SuspendThread: Access is denied. (0x5)
[1207/153855.930:ERROR:file_io_win.cc(162)] CreateFile C:\Users\AZUREU~1\AppData\Local\Temp\puppeteer_dev_chrome_profile-iSMHme\Crashpad\settings.dat: The system cannot find the path specified. (0x3)
[1207/153855.930:ERROR:file_io_win.cc(171)] CreateFile C:\Users\AZUREU~1\AppData\Local\Temp\puppeteer_dev_chrome_profile-iSMHme\Crashpad\reports\d67d1d9c-4de2-47dd-b871-bd3e2faa180a.dmp: The system cannot find the path specified. (0x3)
[1207/153855.930:ERROR:crash_report_exception_handler.cc(99)] PrepareNewCrashReport failed
[1207/155227.597:ERROR:directory_reader_win.cc(43)] FindFirstFile: The system cannot find the path specified. (0x3)
[1208/010825.042:ERROR:process_reader_win.cc(151)] SuspendThread: Access is denied. (0x5)
[1208/010825.050:ERROR:file_io_win.cc(162)] CreateFile C:\Users\AZUREU~1\AppData\Local\Temp\puppeteer_dev_chrome_profile-zGVfop\Crashpad\settings.dat: The system cannot find the path specified. (0x3)
[1208/010825.050:ERROR:file_io_win.cc(171)] CreateFile C:\Users\AZUREU~1\AppData\Local\Temp\puppeteer_dev_chrome_profile-zGVfop\Crashpad\reports\14c17c4e-569d-4c04-8a0b-c1de8dcff35c.dmp: The system cannot find the path specified. (0x3)
[1208/010825.050:ERROR:crash_report_exception_handler.cc(99)] PrepareNewCrashReport failed
[1208/010825.090:ERROR:process_reader_win.cc(151)] SuspendThread: Access is denied. (0x5)
[1208/010825.095:ERROR:file_io_win.cc(162)] CreateFile C:\Users\AZUREU~1\AppData\Local\Temp\puppeteer_dev_chrome_profile-zGVfop\Crashpad\settings.dat: The system cannot find the path specified. (0x3)
[1208/010825.096:ERROR:file_io_win.cc(171)] CreateFile C:\Users\AZUREU~1\AppData\Local\Temp\puppeteer_dev_chrome_profile-zGVfop\Crashpad\reports\873ca9c3-c3fd-4ba6-b8fa-7bf871dff4ef.dmp: The system cannot find the path specified. (0x3)
[1208/010825.096:ERROR:crash_report_exception_handler.cc(99)] PrepareNewCrashReport failed
[1208/011058.565:ERROR:process_reader_win.cc(151)] SuspendThread: Access is denied. (0x5)
[1208/011058.573:ERROR:file_io_win.cc(162)] CreateFile C:\Users\AZUREU~1\AppData\Local\Temp\puppeteer_dev_chrome_profile-LXq40k\Crashpad\settings.dat: The system cannot find the path specified. (0x3)
[1208/011058.574:ERROR:file_io_win.cc(171)] CreateFile C:\Users\AZUREU~1\AppData\Local\Temp\puppeteer_dev_chrome_profile-LXq40k\Crashpad\reports\d228352e-9a0c-43ba-bde1-7f6fe069d106.dmp: The system cannot find the path specified. (0x3)
[1208/011058.574:ERROR:crash_report_exception_handler.cc(99)] PrepareNewCrashReport failed
[1208/011621.335:ERROR:file_io_win.cc(162)] CreateFile C:\Users\AZUREU~1\AppData\Local\Temp\puppeteer_dev_chrome_profile-uo2DRr\Crashpad\settings.dat: The system cannot find the path specified. (0x3)
[1208/011621.336:ERROR:file_io_win.cc(171)] CreateFile C:\Users\AZUREU~1\AppData\Local\Temp\puppeteer_dev_chrome_profile-uo2DRr\Crashpad\reports\59b3412d-41d5-48ea-9765-469833cb3989.dmp: The system cannot find the path specified. (0x3)
[1208/011621.337:ERROR:crash_report_exception_handler.cc(99)] PrepareNewCrashReport failed
[1208/012209.767:ERROR:process_reader_win.cc(151)] SuspendThread: Access is denied. (0x5)
[1208/012209.775:ERROR:file_io_win.cc(162)] CreateFile C:\Users\AZUREU~1\AppData\Local\Temp\puppeteer_dev_chrome_profile-KbcS5Z\Crashpad\settings.dat: The system cannot find the path specified. (0x3)
[1208/012209.775:ERROR:file_io_win.cc(171)] CreateFile C:\Users\AZUREU~1\AppData\Local\Temp\puppeteer_dev_chrome_profile-KbcS5Z\Crashpad\reports\049c5ac7-2e6e-4e4e-aba5-f68c49a7f4b2.dmp: The system cannot find the path specified. (0x3)
[1208/012209.775:ERROR:crash_report_exception_handler.cc(99)] PrepareNewCrashReport failed
[1208/012304.996:ERROR:process_reader_win.cc(151)] SuspendThread: Access is denied. (0x5)
[1208/012305.003:ERROR:file_io_win.cc(162)] CreateFile C:\Users\AZUREU~1\AppData\Local\Temp\puppeteer_dev_chrome_profile-aGVUFs\Crashpad\settings.dat: The system cannot find the path specified. (0x3)
[1208/012305.004:ERROR:file_io_win.cc(171)] CreateFile C:\Users\AZUREU~1\AppData\Local\Temp\puppeteer_dev_chrome_profile-aGVUFs\Crashpad\reports\d27a1826-c1ce-4549-9a92-7ccd60417f9e.dmp: The system cannot find the path specified. (0x3)
[1208/012305.004:ERROR:crash_report_exception_handler.cc(99)] PrepareNewCrashReport failed
[1208/012511.539:ERROR:process_reader_win.cc(151)] SuspendThread: Access is denied. (0x5)
[1208/012511.546:ERROR:file_io_win.cc(162)] CreateFile C:\Users\AZUREU~1\AppData\Local\Temp\puppeteer_dev_chrome_profile-sYichw\Crashpad\settings.dat: The system cannot find the path specified. (0x3)
[1208/012511.546:ERROR:file_io_win.cc(171)] CreateFile C:\Users\AZUREU~1\AppData\Local\Temp\puppeteer_dev_chrome_profile-sYichw\Crashpad\reports\fac218d3-326d-4e59-aad5-c7e5129007f2.dmp: The system cannot find the path specified. (0x3)
[1208/012511.546:ERROR:crash_report_exception_handler.cc(99)] PrepareNewCrashReport failed
[1208/012731.845:ERROR:process_reader_win.cc(151)] SuspendThread: Access is denied. (0x5)
[1208/012731.855:ERROR:file_io_win.cc(162)] CreateFile C:\Users\AZUREU~1\AppData\Local\Temp\puppeteer_dev_chrome_profile-IpWlKc\Crashpad\settings.dat: The system cannot find the path specified. (0x3)
[1208/012731.855:ERROR:file_io_win.cc(171)] CreateFile C:\Users\AZUREU~1\AppData\Local\Temp\puppeteer_dev_chrome_profile-IpWlKc\Crashpad\reports\790cac1f-3735-4cca-9b8a-1b4dc4f19f36.dmp: The system cannot find the path specified. (0x3)
[1208/012731.855:ERROR:crash_report_exception_handler.cc(99)] PrepareNewCrashReport failed
[1208/012844.057:ERROR:process_reader_win.cc(151)] SuspendThread: Access is denied. (0x5)
[1208/012844.066:ERROR:file_io_win.cc(162)] CreateFile C:\Users\AZUREU~1\AppData\Local\Temp\puppeteer_dev_chrome_profile-FoGf5o\Crashpad\settings.dat: The system cannot find the path specified. (0x3)
[1208/012844.066:ERROR:file_io_win.cc(171)] CreateFile C:\Users\AZUREU~1\AppData\Local\Temp\puppeteer_dev_chrome_profile-FoGf5o\Crashpad\reports\7804881b-e08e-4013-86f4-7aa25fe18225.dmp: The system cannot find the path specified. (0x3)
[1208/012844.066:ERROR:crash_report_exception_handler.cc(99)] PrepareNewCrashReport failed
[1208/012922.722:ERROR:process_reader_win.cc(151)] SuspendThread: Access is denied. (0x5)
[1208/012922.730:ERROR:file_io_win.cc(162)] CreateFile C:\Users\AZUREU~1\AppData\Local\Temp\puppeteer_dev_chrome_profile-NAGCRg\Crashpad\settings.dat: The system cannot find the path specified. (0x3)
[1208/012922.730:ERROR:file_io_win.cc(171)] CreateFile C:\Users\AZUREU~1\AppData\Local\Temp\puppeteer_dev_chrome_profile-NAGCRg\Crashpad\reports\84d67eba-969f-4825-ae80-1df64b968aea.dmp: The system cannot find the path specified. (0x3)
[1208/012922.730:ERROR:crash_report_exception_handler.cc(99)] PrepareNewCrashReport failed
[1208/013013.803:ERROR:process_reader_win.cc(151)] SuspendThread: Access is denied. (0x5)
[1208/013013.812:ERROR:file_io_win.cc(162)] CreateFile C:\Users\AZUREU~1\AppData\Local\Temp\puppeteer_dev_chrome_profile-P9osAm\Crashpad\settings.dat: The system cannot find the path specified. (0x3)
[1208/013013.813:ERROR:file_io_win.cc(171)] CreateFile C:\Users\AZUREU~1\AppData\Local\Temp\puppeteer_dev_chrome_profile-P9osAm\Crashpad\reports\19239e52-1a85-4007-a2d2-247d66ea440d.dmp: The system cannot find the path specified. (0x3)
[1208/013013.813:ERROR:crash_report_exception_handler.cc(99)] PrepareNewCrashReport failed
[1208/013759.884:ERROR:file_io_win.cc(162)] CreateFile C:\Users\AZUREU~1\AppData\Local\Temp\puppeteer_dev_chrome_profile-7MrzXN\Crashpad\settings.dat: The system cannot find the path specified. (0x3)
[1208/013759.885:ERROR:file_io_win.cc(171)] CreateFile C:\Users\AZUREU~1\AppData\Local\Temp\puppeteer_dev_chrome_profile-7MrzXN\Crashpad\reports\8b5fd454-399a-4286-8664-9057718f834c.dmp: The system cannot find the path specified. (0x3)
[1208/013759.885:ERROR:crash_report_exception_handler.cc(99)] PrepareNewCrashReport failed
